
-------------------------------------------------------------------------------
   ROBOCOPY     ::     Windows の堅牢性の高いファイル コピー                              
-------------------------------------------------------------------------------

  開始: 2025年6月22日 18:50:54
   コピー元 : C:\__Dev\mai\maicl\src\html\
     コピー先 : C:\__Dev\mai\docker\www\html\mai\

    ファイル: *.*
	    
  オプション: *.* /V /S /E /DCOPY:DA /COPY:DAT /PURGE /MIR /EFSRAW /NP /IT /R:1 /W:1 

------------------------------------------------------------------------------

	                   9	C:\__Dev\mai\maicl\src\html\
	*EXTRA Dir        -1	C:\__Dev\mai\docker\www\html\mai\js\
	  *EXTRA File 		 1048528	mai_guld.js
	  *EXTRA File 		  982775	mai_maze.js
	        新しい		     128	bck.bat
	        新しい		   16759	check_JSON.php
	        新しい		    1543	css.php
	        新しい		   13266	mai_guld.php
	        新しい		   13530	mai_maze.php
	        新しい		      40	test_mb.php
	        新しい		   11173	_JSON_mai_guld.php
	        新しい		   14577	_JSON_mai_maze.php
	        新しい		   16839	_JSON_mai_save.php
	                   0	C:\__Dev\mai\maicl\src\html\css\
	                   4	C:\__Dev\mai\maicl\src\html\css\mai_guld\
	        新しい		    9937	mai_guld_common.css
	        新しい		    4635	mai_guld_default.css
	        新しい		    5040	mai_guld_iphone_landscape.css
	        新しい		    4893	mai_guld_iphone_portrait.css
	                   4	C:\__Dev\mai\maicl\src\html\css\mai_maze\
	        新しい		   11544	mai_maze_common.css
	        新しい		    4809	mai_maze_default.css
	        新しい		    5743	mai_maze_iphone_landscape.css
	        新しい		    5521	mai_maze_iphone_portrait.css
	                  14	C:\__Dev\mai\maicl\src\html\lib\
	        新しい		    2093	Class_Direct.php
	        新しい		    2531	Class_DspMessage.php
	        新しい		    2538	Class_Goods.php
	        新しい		   10101	Class_Guild.php
	        新しい		   20850	Class_Hero.php
	        新しい		    6154	Class_HeroAbility.php
	        新しい		    7801	Class_Location.php
	        新しい		   31484	Class_Maze.php
	        新しい		    4123	Class_MazeInfo.php
	        新しい		    3495	Class_PointSet.php
	        新しい		    2623	Class_Rand.php
	        新しい		   17579	Class_SaveData.php
	        新しい		   18078	Class_Team.php
	        新しい		    2579	Enum_MzKind.php
	                   1	C:\__Dev\mai\maicl\src\html\mai_guild\
	        新しい		    1543	css.php
	                   4	C:\__Dev\mai\maicl\src\html\mai_maze\
	        新しい		   14330	check_JSON.php
	        新しい		    1543	css.php
	        新しい		   14176	mai_maze.php
	        新しい		   38752	mai_maze_old.php

------------------------------------------------------------------------------

                  合計     コピー済み      スキップ       不一致        失敗    Extras
   ディレクトリ:         7         0         7         0         0         1
     ファイル:        36        36         0         0         0         2
      バイト:   334.3 k   334.3 k         0         0         0    1.93 m
       時刻:   0:00:00   0:00:00                       0:00:00   0:00:00


       速度:           5,266,923 バイト/秒
       速度:             301.376 MB/分
   終了: 2025年6月22日 18:50:54


-------------------------------------------------------------------------------
   ROBOCOPY     ::     Windows の堅牢性の高いファイル コピー                              
-------------------------------------------------------------------------------

  開始: 2025年7月2日 9:48:40
   コピー元 : C:\__Dev\mai\maicl\src\html\
     コピー先 : C:\__Dev\mai\docker\www\html\mai\

    ファイル: *.*
	    
  オプション: *.* /V /S /E /DCOPY:DA /COPY:DAT /PURGE /MIR /EFSRAW /NP /IT /R:1 /W:1 

------------------------------------------------------------------------------

	新しいディレクトリ      10	C:\__Dev\mai\maicl\src\html\
	  新しいファイル		     128	bck.bat
	  新しいファイル		   16759	check_JSON.php
	  新しいファイル		    1543	css.php
	  新しいファイル		    8189	index.php
	  新しいファイル		   13267	mai_guld.php
	  新しいファイル		   13770	mai_maze.php
	  新しいファイル		      40	test_mb.php
	  新しいファイル		   11173	_JSON_mai_guld.php
	  新しいファイル		   14577	_JSON_mai_maze.php
	  新しいファイル		   16839	_JSON_mai_save.php
	新しいディレクトリ       0	C:\__Dev\mai\maicl\src\html\css\
	新しいディレクトリ       4	C:\__Dev\mai\maicl\src\html\css\mai_guld\
	  新しいファイル		    9937	mai_guld_common.css
	  新しいファイル		    4635	mai_guld_default.css
	  新しいファイル		    5040	mai_guld_iphone_landscape.css
	  新しいファイル		    4893	mai_guld_iphone_portrait.css
	新しいディレクトリ       4	C:\__Dev\mai\maicl\src\html\css\mai_indx\
	  新しいファイル		    3435	mai_indx_common.css
	  新しいファイル		    2216	mai_indx_default.css
	  新しいファイル		    5040	mai_indx_iphone_landscape.css
	  新しいファイル		    4893	mai_indx_iphone_portrait.css
	新しいディレクトリ       4	C:\__Dev\mai\maicl\src\html\css\mai_maze\
	  新しいファイル		   12125	mai_maze_common.css
	  新しいファイル		    4809	mai_maze_default.css
	  新しいファイル		    5743	mai_maze_iphone_landscape.css
	  新しいファイル		    5521	mai_maze_iphone_portrait.css
	新しいディレクトリ       2	C:\__Dev\mai\maicl\src\html\icon-img\
	  新しいファイル		  111401	kkrn_icon_home_3.png
	  新しいファイル		  177961	kkrn_icon_modoru_8.png
	新しいディレクトリ       2	C:\__Dev\mai\maicl\src\html\js\
	  新しいファイル		   1.0 m	mai_guld.js
	  新しいファイル		 1038062	mai_maze.js
	新しいディレクトリ      14	C:\__Dev\mai\maicl\src\html\lib\
	  新しいファイル		    2093	Class_Direct.php
	  新しいファイル		    2531	Class_DspMessage.php
	  新しいファイル		    2538	Class_Goods.php
	  新しいファイル		   10101	Class_Guild.php
	  新しいファイル		   20850	Class_Hero.php
	  新しいファイル		    6154	Class_HeroAbility.php
	  新しいファイル		    7801	Class_Location.php
	  新しいファイル		   31484	Class_Maze.php
	  新しいファイル		    4123	Class_MazeInfo.php
	  新しいファイル		    3495	Class_PointSet.php
	  新しいファイル		    2623	Class_Rand.php
	  新しいファイル		   17579	Class_SaveData.php
	  新しいファイル		   18078	Class_Team.php
	  新しいファイル		    2579	Enum_MzKind.php
	新しいディレクトリ       1	C:\__Dev\mai\maicl\src\html\mai_guild\
	  新しいファイル		    1543	css.php
	新しいディレクトリ       4	C:\__Dev\mai\maicl\src\html\mai_maze\
	  新しいファイル		   14330	check_JSON.php
	  新しいファイル		    1543	css.php
	  新しいファイル		   14185	mai_maze.php
	  新しいファイル		   38752	mai_maze_old.php

------------------------------------------------------------------------------

                  合計     コピー済み      スキップ       不一致        失敗    Extras
   ディレクトリ:        10        10         0         0         0         0
     ファイル:        45        45         0         0         0         0
      バイト:    2.63 m    2.63 m         0         0         0         0
       時刻:   0:00:00   0:00:00                       0:00:00   0:00:00


       速度:           36,811,320 バイト/秒
       速度:            2,106.361 MB/分
   終了: 2025年7月2日 9:48:40


-------------------------------------------------------------------------------
   ROBOCOPY     ::     Windows の堅牢性の高いファイル コピー                              
-------------------------------------------------------------------------------

  開始: 2025年7月2日 9:53:01
   コピー元 : C:\__Dev\mai\maicl\src\html\
     コピー先 : C:\__Dev\mai\docker\www\html\mai\

    ファイル: *.*
	    
  オプション: *.* /V /S /E /DCOPY:DA /COPY:DAT /PURGE /MIR /EFSRAW /NP /IT /R:1 /W:1 

------------------------------------------------------------------------------

	                  10	C:\__Dev\mai\maicl\src\html\
	          同じ		     128	bck.bat
	          同じ		   16759	check_JSON.php
	          同じ		    1543	css.php
	          同じ		    8189	index.php
	          同じ		   13267	mai_guld.php
	          同じ		      40	test_mb.php
	          同じ		   11173	_JSON_mai_guld.php
	          同じ		   14577	_JSON_mai_maze.php
	          同じ		   16839	_JSON_mai_save.php
	        新しい		   13775	mai_maze.php
	                   0	C:\__Dev\mai\maicl\src\html\css\
	                   4	C:\__Dev\mai\maicl\src\html\css\mai_guld\
	          同じ		    9937	mai_guld_common.css
	          同じ		    4635	mai_guld_default.css
	          同じ		    5040	mai_guld_iphone_landscape.css
	          同じ		    4893	mai_guld_iphone_portrait.css
	                   4	C:\__Dev\mai\maicl\src\html\css\mai_indx\
	          同じ		    3435	mai_indx_common.css
	          同じ		    2216	mai_indx_default.css
	          同じ		    5040	mai_indx_iphone_landscape.css
	          同じ		    4893	mai_indx_iphone_portrait.css
	                   4	C:\__Dev\mai\maicl\src\html\css\mai_maze\
	          同じ		   12125	mai_maze_common.css
	          同じ		    4809	mai_maze_default.css
	          同じ		    5743	mai_maze_iphone_landscape.css
	          同じ		    5521	mai_maze_iphone_portrait.css
	                   2	C:\__Dev\mai\maicl\src\html\icon-img\
	          同じ		  111401	kkrn_icon_home_3.png
	          同じ		  177961	kkrn_icon_modoru_8.png
	                   2	C:\__Dev\mai\maicl\src\html\js\
	          同じ		   1.0 m	mai_guld.js
	          同じ		 1038062	mai_maze.js
	                  14	C:\__Dev\mai\maicl\src\html\lib\
	          同じ		    2093	Class_Direct.php
	          同じ		    2531	Class_DspMessage.php
	          同じ		    2538	Class_Goods.php
	          同じ		   10101	Class_Guild.php
	          同じ		   20850	Class_Hero.php
	          同じ		    6154	Class_HeroAbility.php
	          同じ		    7801	Class_Location.php
	          同じ		   31484	Class_Maze.php
	          同じ		    4123	Class_MazeInfo.php
	          同じ		    3495	Class_PointSet.php
	          同じ		    2623	Class_Rand.php
	          同じ		   17579	Class_SaveData.php
	          同じ		   18078	Class_Team.php
	          同じ		    2579	Enum_MzKind.php
	                   1	C:\__Dev\mai\maicl\src\html\mai_guild\
	          同じ		    1543	css.php
	                   4	C:\__Dev\mai\maicl\src\html\mai_maze\
	          同じ		   14330	check_JSON.php
	          同じ		    1543	css.php
	          同じ		   14185	mai_maze.php
	          同じ		   38752	mai_maze_old.php

------------------------------------------------------------------------------

                  合計     コピー済み      スキップ       不一致        失敗    Extras
   ディレクトリ:        10         0        10         0         0         0
     ファイル:        45         1        44         0         0         0
      バイト:    2.63 m    13.4 k    2.61 m         0         0         0
       時刻:   0:00:00   0:00:00                       0:00:00   0:00:00


       速度:           2,755,000 バイト/秒
       速度:             157.642 MB/分
   終了: 2025年7月2日 9:53:01


-------------------------------------------------------------------------------
   ROBOCOPY     ::     Windows の堅牢性の高いファイル コピー                              
-------------------------------------------------------------------------------

  開始: 2025年7月2日 9:54:23
   コピー元 : C:\__Dev\mai\maicl\src\html\
     コピー先 : C:\__Dev\mai\docker\www\html\mai\

    ファイル: *.*
	    
  オプション: *.* /V /S /E /DCOPY:DA /COPY:DAT /PURGE /MIR /EFSRAW /NP /IT /R:1 /W:1 

------------------------------------------------------------------------------

	                  10	C:\__Dev\mai\maicl\src\html\
	          同じ		     128	bck.bat
	          同じ		   16759	check_JSON.php
	          同じ		    1543	css.php
	          同じ		    8189	index.php
	          同じ		   13267	mai_guld.php
	          同じ		      40	test_mb.php
	          同じ		   11173	_JSON_mai_guld.php
	          同じ		   14577	_JSON_mai_maze.php
	          同じ		   16839	_JSON_mai_save.php
	        新しい		   13732	mai_maze.php
	                   0	C:\__Dev\mai\maicl\src\html\css\
	                   4	C:\__Dev\mai\maicl\src\html\css\mai_guld\
	          同じ		    9937	mai_guld_common.css
	          同じ		    4635	mai_guld_default.css
	          同じ		    5040	mai_guld_iphone_landscape.css
	          同じ		    4893	mai_guld_iphone_portrait.css
	                   4	C:\__Dev\mai\maicl\src\html\css\mai_indx\
	          同じ		    3435	mai_indx_common.css
	          同じ		    2216	mai_indx_default.css
	          同じ		    5040	mai_indx_iphone_landscape.css
	          同じ		    4893	mai_indx_iphone_portrait.css
	                   4	C:\__Dev\mai\maicl\src\html\css\mai_maze\
	          同じ		   12125	mai_maze_common.css
	          同じ		    4809	mai_maze_default.css
	          同じ		    5743	mai_maze_iphone_landscape.css
	          同じ		    5521	mai_maze_iphone_portrait.css
	                   2	C:\__Dev\mai\maicl\src\html\icon-img\
	          同じ		  111401	kkrn_icon_home_3.png
	          同じ		  177961	kkrn_icon_modoru_8.png
	                   2	C:\__Dev\mai\maicl\src\html\js\
	          同じ		   1.0 m	mai_guld.js
	          同じ		 1038062	mai_maze.js
	                  14	C:\__Dev\mai\maicl\src\html\lib\
	          同じ		    2093	Class_Direct.php
	          同じ		    2531	Class_DspMessage.php
	          同じ		    2538	Class_Goods.php
	          同じ		   10101	Class_Guild.php
	          同じ		   20850	Class_Hero.php
	          同じ		    6154	Class_HeroAbility.php
	          同じ		    7801	Class_Location.php
	          同じ		   31484	Class_Maze.php
	          同じ		    4123	Class_MazeInfo.php
	          同じ		    3495	Class_PointSet.php
	          同じ		    2623	Class_Rand.php
	          同じ		   17579	Class_SaveData.php
	          同じ		   18078	Class_Team.php
	          同じ		    2579	Enum_MzKind.php
	                   1	C:\__Dev\mai\maicl\src\html\mai_guild\
	          同じ		    1543	css.php
	                   4	C:\__Dev\mai\maicl\src\html\mai_maze\
	          同じ		   14330	check_JSON.php
	          同じ		    1543	css.php
	          同じ		   14185	mai_maze.php
	          同じ		   38752	mai_maze_old.php

------------------------------------------------------------------------------

                  合計     コピー済み      スキップ       不一致        失敗    Extras
   ディレクトリ:        10         0        10         0         0         0
     ファイル:        45         1        44         0         0         0
      バイト:    2.63 m    13.4 k    2.61 m         0         0         0
       時刻:   0:00:00   0:00:00                       0:00:00   0:00:00


       速度:           2,746,400 バイト/秒
       速度:             157.150 MB/分
   終了: 2025年7月2日 9:54:23


-------------------------------------------------------------------------------
   ROBOCOPY     ::     Windows の堅牢性の高いファイル コピー                              
-------------------------------------------------------------------------------

  開始: 2025年7月2日 9:56:42
   コピー元 : C:\__Dev\mai\maicl\src\html\
     コピー先 : C:\__Dev\mai\docker\www\html\mai\

    ファイル: *.*
	    
  オプション: *.* /V /S /E /DCOPY:DA /COPY:DAT /PURGE /MIR /EFSRAW /NP /IT /R:1 /W:1 

------------------------------------------------------------------------------

	                  10	C:\__Dev\mai\maicl\src\html\
	          同じ		     128	bck.bat
	          同じ		   16759	check_JSON.php
	          同じ		    1543	css.php
	          同じ		    8189	index.php
	          同じ		   13267	mai_guld.php
	          同じ		      40	test_mb.php
	          同じ		   11173	_JSON_mai_guld.php
	          同じ		   14577	_JSON_mai_maze.php
	          同じ		   16839	_JSON_mai_save.php
	        新しい		   13775	mai_maze.php
	                   0	C:\__Dev\mai\maicl\src\html\css\
	                   4	C:\__Dev\mai\maicl\src\html\css\mai_guld\
	          同じ		    9937	mai_guld_common.css
	          同じ		    4635	mai_guld_default.css
	          同じ		    5040	mai_guld_iphone_landscape.css
	          同じ		    4893	mai_guld_iphone_portrait.css
	                   4	C:\__Dev\mai\maicl\src\html\css\mai_indx\
	          同じ		    3435	mai_indx_common.css
	          同じ		    2216	mai_indx_default.css
	          同じ		    5040	mai_indx_iphone_landscape.css
	          同じ		    4893	mai_indx_iphone_portrait.css
	                   4	C:\__Dev\mai\maicl\src\html\css\mai_maze\
	          同じ		   12125	mai_maze_common.css
	          同じ		    4809	mai_maze_default.css
	          同じ		    5743	mai_maze_iphone_landscape.css
	          同じ		    5521	mai_maze_iphone_portrait.css
	                   2	C:\__Dev\mai\maicl\src\html\icon-img\
	          同じ		  111401	kkrn_icon_home_3.png
	          同じ		  177961	kkrn_icon_modoru_8.png
	                   2	C:\__Dev\mai\maicl\src\html\js\
	          同じ		   1.0 m	mai_guld.js
	          同じ		 1038062	mai_maze.js
	                  14	C:\__Dev\mai\maicl\src\html\lib\
	          同じ		    2093	Class_Direct.php
	          同じ		    2531	Class_DspMessage.php
	          同じ		    2538	Class_Goods.php
	          同じ		   10101	Class_Guild.php
	          同じ		   20850	Class_Hero.php
	          同じ		    6154	Class_HeroAbility.php
	          同じ		    7801	Class_Location.php
	          同じ		   31484	Class_Maze.php
	          同じ		    4123	Class_MazeInfo.php
	          同じ		    3495	Class_PointSet.php
	          同じ		    2623	Class_Rand.php
	          同じ		   17579	Class_SaveData.php
	          同じ		   18078	Class_Team.php
	          同じ		    2579	Enum_MzKind.php
	                   1	C:\__Dev\mai\maicl\src\html\mai_guild\
	          同じ		    1543	css.php
	                   4	C:\__Dev\mai\maicl\src\html\mai_maze\
	          同じ		   14330	check_JSON.php
	          同じ		    1543	css.php
	          同じ		   14185	mai_maze.php
	          同じ		   38752	mai_maze_old.php

------------------------------------------------------------------------------

                  合計     コピー済み      スキップ       不一致        失敗    Extras
   ディレクトリ:        10         0        10         0         0         0
     ファイル:        45         1        44         0         0         0
      バイト:    2.63 m    13.4 k    2.61 m         0         0         0
       時刻:   0:00:00   0:00:00                       0:00:00   0:00:00


       速度:           3,443,750 バイト/秒
       速度:             197.053 MB/分
   終了: 2025年7月2日 9:56:42

